-------------------------------------------------------------------------------
Test set: com.bto.integration.ProjectVisibilityTests
-------------------------------------------------------------------------------
Tests run: 1, Failures: 1, Errors: 0, Skipped: 0, Time elapsed: 0.133 s <<< FAILURE! - in com.bto.integration.ProjectVisibilityTests
testCase5_ProjectVisibilityBasedOnUserGroup(com.bto.integration.ProjectVisibilityTests)  Time elapsed: 0.023 s  <<< FAILURE!
java.lang.AssertionError: Should be able to log in as single applicant
	at com.bto.integration.ProjectVisibilityTests.testCase5_ProjectVisibilityBasedOnUserGroup(ProjectVisibilityTests.java:36)

