<?xml version="1.0" encoding="UTF-8"?>
<testsuite xmlns:xsi="http://www.w3.org/2001/XMLSchema-instance" xsi:noNamespaceSchemaLocation="https://maven.apache.org/surefire/maven-surefire-plugin/xsd/surefire-test-report.xsd" name="com.bto.integration.ApplicantTests" time="0.099" tests="1" errors="0" skipped="0" failures="1">
  <properties>
[...]
</properties>
  <testcase name="testSingleFlatBookingRestriction" classname="com.bto.integration.ApplicantTests" time="0.018">
    <failure message="Applicant should be found" type="java.lang.AssertionError">java.lang.AssertionError: Applicant should be found
	at com.bto.integration.ApplicantTests.testSingleFlatBookingRestriction(ApplicantTests.java:21)
</failure>
  </testcase>
</testsuite>